<?xml version="1.0" encoding="UTF-8"?>
<coverage generated="1598647239523" clover="3.2.0">
  <project timestamp="1598647239523" name="All files">
    <metrics statements="5" coveredstatements="5" conditionals="0" coveredconditionals="0" methods="2" coveredmethods="2" elements="7" coveredelements="7" complexity="0" loc="5" ncloc="5" packages="1" files="2" classes="2"/>
    <file name="cloneArray.js" path="/Users/ianturner/hobbyCoding/web-dev-simplified/jest-unit-testing/cloneArray.js">
      <metrics statements="2" coveredstatements="2" conditionals="0" coveredconditionals="0" methods="1" coveredmethods="1"/>
      <line num="2" count="2" type="stmt"/>
      <line num="5" count="1" type="stmt"/>
    </file>
    <file name="sum.js" path="/Users/ianturner/hobbyCoding/web-dev-simplified/jest-unit-testing/sum.js">
      <metrics statements="3" coveredstatements="3" conditionals="0" coveredconditionals="0" methods="1" coveredmethods="1"/>
      <line num="2" count="1" type="stmt"/>
      <line num="3" count="1" type="stmt"/>
      <line num="6" count="1" type="stmt"/>
    </file>
  </project>
</coverage>
